Using pre-set license
Built from '2020.2/staging' branch; Version is '2020.2.5f1 (e2c53f129de5) revision 14861631'; Using compiler version '192528614'; Build Type 'Release'
OS: 'Windows 10 Pro; OS build 19042.867; Version 2009; 64bit' Language: 'en' Physical Memory: 16297 MB
BatchMode: 1, IsHumanControllingUs: 0, StartBugReporterOnCrash: 0, Is64bit: 1, IsPro: 0

 COMMAND LINE ARGUMENTS:
C:\Program Files\Unity\Hub\Editor\2020.2.5f1\Editor\Unity.exe
-adb2
-batchMode
-noUpm
-name
AssetImportWorker0
-projectPath
C:/Users/Gustav/Desktop/ShootingGameBackup/EksamenBackup
-logFile
Logs/AssetImportWorker0.log
-srvPort
50973
Successfully changed project path to: C:/Users/Gustav/Desktop/ShootingGameBackup/EksamenBackup
C:/Users/Gustav/Desktop/ShootingGameBackup/EksamenBackup
Using Asset Import Pipeline V2.
Refreshing native plugins compatible for Editor in 134.04 ms, found 0 plugins.
Preloading 0 native plugins for Editor in 0.00 ms.
Initialize engine version: 2020.2.5f1 (e2c53f129de5)
[Subsystems] Discovering subsystems at path C:/Program Files/Unity/Hub/Editor/2020.2.5f1/Editor/Data/Resources/UnitySubsystems
[Subsystems] Discovering subsystems at path C:/Users/Gustav/Desktop/ShootingGameBackup/EksamenBackup/Assets
GfxDevice: creating device client; threaded=0
Direct3D:
    Version:  Direct3D 11.0 [level 11.1]
    Renderer: NVIDIA GeForce GTX 1660 SUPER (ID=0x21c4)
    Vendor:   
    VRAM:     5991 MB
    Driver:   27.21.14.6089
Initialize mono
Mono path[0] = 'C:/Program Files/Unity/Hub/Editor/2020.2.5f1/Editor/Data/Managed'
Mono path[1] = 'C:/Program Files/Unity/Hub/Editor/2020.2.5f1/Editor/Data/MonoBleedingEdge/lib/mono/unityjit'
Mono config path = 'C:/Program Files/Unity/Hub/Editor/2020.2.5f1/Editor/Data/MonoBleedingEdge/etc'
Using monoOptions --debugger-agent=transport=dt_socket,embedding=1,server=y,suspend=n,address=127.0.0.1:56228
Begin MonoManager ReloadAssembly
Registering precompiled unity dll's ...
Register platform support module: C:/Program Files/Unity/Hub/Editor/2020.2.5f1/Editor/Data/PlaybackEngines/WindowsStandaloneSupport/UnityEditor.WindowsStandalone.Extensions.dll
Registered in 0.002901 seconds.
Native extension for WindowsStandalone target not found
Refreshing native plugins compatible for Editor in 154.34 ms, found 0 plugins.
Preloading 0 native plugins for Editor in 0.00 ms.
Invoked RoslynAnalysisRunner static constructor.
RoslynAnalysisRunner will not be running.
RoslynAnalysisRunner has terminated.
Mono: successfully reloaded assembly
- Completed reload, in  2.161 seconds
Platform modules already initialized, skipping
Registering precompiled user dll's ...
Registered in 0.004228 seconds.
Begin MonoManager ReloadAssembly
Native extension for WindowsStandalone target not found
Refreshing native plugins compatible for Editor in 1.58 ms, found 0 plugins.
Preloading 0 native plugins for Editor in 0.00 ms.
Invoked RoslynAnalysisRunner static constructor.
RoslynAnalysisRunner will not be running.
RoslynAnalysisRunner has terminated.
Mono: successfully reloaded assembly
- Completed reload, in  0.994 seconds
Platform modules already initialized, skipping
========================================================================
Worker process is ready to serve import requests
Launched and connected shader compiler UnityShaderCompiler.exe after 0.04 seconds
Refreshing native plugins compatible for Editor in 1.44 ms, found 0 plugins.
Preloading 0 native plugins for Editor in 0.00 ms.
Unloading 1996 Unused Serialized files (Serialized files now loaded: 0)
System memory in use before: 189.4 MB.
System memory in use after: 189.4 MB.

Unloading 96 unused Assets to reduce memory usage. Loaded Objects now: 2453.
Total: 2.355700 ms (FindLiveObjects: 0.225300 ms CreateObjectMapping: 0.094700 ms MarkObjects: 1.783300 ms  DeleteObjects: 0.251400 ms)

========================================================================
Received Import Request.
  path: Assets/Basics/Player 1.prefab
  artifactKey: Guid(4d908d76bd47d7c4ca9d7690d67186bb) Importer(815301076,1909f56bfc062723c751e8b465ee728b)
Start importing Assets/Basics/Player 1.prefab using Guid(4d908d76bd47d7c4ca9d7690d67186bb) Importer(815301076,1909f56bfc062723c751e8b465ee728b)  -> (artifact id: '77ef6ce112b8fd14b932508f8f6f7cd0') in 0.129899 seconds
  Import took 0.136936 seconds .

========================================================================
Received Import Request.
  Time since last request: 0.000515 seconds.
  path: Assets/Basics/Player 1 - Copy.prefab
  artifactKey: Guid(b07dfac46479df94ba412da190a787b2) Importer(815301076,1909f56bfc062723c751e8b465ee728b)
Start importing Assets/Basics/Player 1 - Copy.prefab using Guid(b07dfac46479df94ba412da190a787b2) Importer(815301076,1909f56bfc062723c751e8b465ee728b)  -> (artifact id: '7ca9f00aa84346df029e284901a2feae') in 0.050615 seconds
  Import took 0.058343 seconds .

========================================================================
Received Prepare
Registering precompiled user dll's ...
Registered in 0.003955 seconds.
Begin MonoManager ReloadAssembly
Native extension for WindowsStandalone target not found
Refreshing native plugins compatible for Editor in 1.48 ms, found 0 plugins.
Preloading 0 native plugins for Editor in 0.00 ms.
Warning: Annotation not found!
UnityEngine.StackTraceUtility:ExtractStackTrace ()
UnityEditor.ProBuilder.EditorUtility:SetGizmoIconEnabled (System.Type,bool) (at C:/Users/Gustav/Desktop/Semester4/Unity/Eksamen/Library/PackageCache/com.unity.probuilder@5.0.1/Editor/EditorCore/EditorUtility.cs:575)
UnityEditor.ProBuilder.HierarchyListener:.cctor () (at C:/Users/Gustav/Desktop/Semester4/Unity/Eksamen/Library/PackageCache/com.unity.probuilder@5.0.1/Editor/EditorCore/HierarchyListener.cs:21)
System.Runtime.CompilerServices.RuntimeHelpers:RunClassConstructor (System.RuntimeTypeHandle)
UnityEditor.EditorAssemblies:ProcessInitializeOnLoadAttributes (System.Type[])

[C:/Users/Gustav/Desktop/Semester4/Unity/Eksamen/Library/PackageCache/com.unity.probuilder@5.0.1/Editor/EditorCore/EditorUtility.cs line 575]

Invoked RoslynAnalysisRunner static constructor.
RoslynAnalysisRunner will not be running.
RoslynAnalysisRunner has terminated.
Mono: successfully reloaded assembly
- Completed reload, in  0.915 seconds
Platform modules already initialized, skipping
Refreshing native plugins compatible for Editor in 1.43 ms, found 0 plugins.
Preloading 0 native plugins for Editor in 0.00 ms.
Unloading 1931 Unused Serialized files (Serialized files now loaded: 0)
System memory in use before: 187.6 MB.
System memory in use after: 187.6 MB.

Unloading 12 unused Assets to reduce memory usage. Loaded Objects now: 2464.
Total: 2.457800 ms (FindLiveObjects: 0.250900 ms CreateObjectMapping: 0.082700 ms MarkObjects: 1.962600 ms  DeleteObjects: 0.160100 ms)

========================================================================
Received Import Request.
  Time since last request: 70.811070 seconds.
  path: Assets/Resources
  artifactKey: Guid(f5f03f767d2cca44d83c59da612a2f08) Importer(815301076,1909f56bfc062723c751e8b465ee728b)
Start importing Assets/Resources using Guid(f5f03f767d2cca44d83c59da612a2f08) Importer(815301076,1909f56bfc062723c751e8b465ee728b)  -> (artifact id: '76add6426fe7104c1f67f9a90a5bb568') in 0.007019 seconds
  Import took 0.014562 seconds .

========================================================================
Received Import Request.
  Time since last request: 72.743966 seconds.
  path: Assets/Resources/Prefabs
  artifactKey: Guid(60860937ce7a7d54381bca473837f70a) Importer(815301076,1909f56bfc062723c751e8b465ee728b)
Start importing Assets/Resources/Prefabs using Guid(60860937ce7a7d54381bca473837f70a) Importer(815301076,1909f56bfc062723c751e8b465ee728b)  -> (artifact id: '9e0353fcba6e11d45d1e046051529a6c') in 0.003720 seconds
  Import took 0.010550 seconds .

========================================================================
Received Import Request.
  Time since last request: 38.638314 seconds.
  path: Assets/Resources/Prefabs/Player 1 - Copy.prefab
  artifactKey: Guid(a1a6278b67a881248ba95a3cd77b080c) Importer(815301076,1909f56bfc062723c751e8b465ee728b)
Start importing Assets/Resources/Prefabs/Player 1 - Copy.prefab using Guid(a1a6278b67a881248ba95a3cd77b080c) Importer(815301076,1909f56bfc062723c751e8b465ee728b)  -> (artifact id: '848d0411dd221520223549c42826320b') in 0.114279 seconds
  Import took 0.122220 seconds .

========================================================================
Received Import Request.
  Time since last request: 21.935674 seconds.
  path: Assets/Resources/Prefabs/Player 1 - Copy.prefab
  artifactKey: Guid(a1a6278b67a881248ba95a3cd77b080c) Importer(815301076,1909f56bfc062723c751e8b465ee728b)
Start importing Assets/Resources/Prefabs/Player 1 - Copy.prefab using Guid(a1a6278b67a881248ba95a3cd77b080c) Importer(815301076,1909f56bfc062723c751e8b465ee728b)  -> (artifact id: 'd2996ec36f40353311178e074c332257') in 0.005703 seconds
  Import took 0.012113 seconds .

========================================================================
Received Import Request.
  Time since last request: 6.571526 seconds.
  path: Assets/Resources/Prefabs/Player 1 - Copy.prefab
  artifactKey: Guid(a1a6278b67a881248ba95a3cd77b080c) Importer(815301076,1909f56bfc062723c751e8b465ee728b)
Start importing Assets/Resources/Prefabs/Player 1 - Copy.prefab using Guid(a1a6278b67a881248ba95a3cd77b080c) Importer(815301076,1909f56bfc062723c751e8b465ee728b)  -> (artifact id: 'ca0ef3c9a03f3e525ec94cbee1d74c5a') in 0.003744 seconds
  Import took 0.010246 seconds .

========================================================================
Received Import Request.
  Time since last request: 3.447837 seconds.
  path: Assets/Resources/Prefabs/Player 1 - Copy.prefab
  artifactKey: Guid(a1a6278b67a881248ba95a3cd77b080c) Importer(815301076,1909f56bfc062723c751e8b465ee728b)
Start importing Assets/Resources/Prefabs/Player 1 - Copy.prefab using Guid(a1a6278b67a881248ba95a3cd77b080c) Importer(815301076,1909f56bfc062723c751e8b465ee728b)  -> (artifact id: 'ba99028e763ac8cb83a4d1579657bde1') in 0.008198 seconds
  Import took 0.015951 seconds .

========================================================================
Received Import Request.
  Time since last request: 24.035383 seconds.
  path: Assets/Resources/Prefabs/PlayerPrefab.prefab
  artifactKey: Guid(a1a6278b67a881248ba95a3cd77b080c) Importer(815301076,1909f56bfc062723c751e8b465ee728b)
Start importing Assets/Resources/Prefabs/PlayerPrefab.prefab using Guid(a1a6278b67a881248ba95a3cd77b080c) Importer(815301076,1909f56bfc062723c751e8b465ee728b)  -> (artifact id: 'fec407826f3115322b5f4909a1642a32') in 0.007528 seconds
  Import took 0.013630 seconds .

========================================================================
Received Import Request.
  Time since last request: 77.637006 seconds.
  path: Assets/Resources/Prefabs/Player 1 - Copy.prefab
  artifactKey: Guid(a1a6278b67a881248ba95a3cd77b080c) Importer(815301076,1909f56bfc062723c751e8b465ee728b)
Start importing Assets/Resources/Prefabs/Player 1 - Copy.prefab using Guid(a1a6278b67a881248ba95a3cd77b080c) Importer(815301076,1909f56bfc062723c751e8b465ee728b)  -> (artifact id: 'c0161dfacefe17abb7fc0d2528659cab') in 0.004220 seconds
  Import took 0.011538 seconds .

========================================================================
Received Import Request.
  Time since last request: 11.381851 seconds.
  path: Assets/Resources/Prefabs/PlayerPrefab.prefab
  artifactKey: Guid(a1a6278b67a881248ba95a3cd77b080c) Importer(815301076,1909f56bfc062723c751e8b465ee728b)
Start importing Assets/Resources/Prefabs/PlayerPrefab.prefab using Guid(a1a6278b67a881248ba95a3cd77b080c) Importer(815301076,1909f56bfc062723c751e8b465ee728b)  -> (artifact id: '8393dd45bf48fa8aa7e9ebe727073558') in 0.003928 seconds
  Import took 0.011402 seconds .

========================================================================
Received Import Request.
  Time since last request: 2.564944 seconds.
  path: Assets/Resources/Prefabs/PlayerPrefab.prefab
  artifactKey: Guid(a1a6278b67a881248ba95a3cd77b080c) Importer(815301076,1909f56bfc062723c751e8b465ee728b)
Start importing Assets/Resources/Prefabs/PlayerPrefab.prefab using Guid(a1a6278b67a881248ba95a3cd77b080c) Importer(815301076,1909f56bfc062723c751e8b465ee728b)  -> (artifact id: '91adeb99b025133c8cb7b4829a3803ff') in 0.004056 seconds
  Import took 0.009562 seconds .

========================================================================
Received Import Request.
  Time since last request: 30.090418 seconds.
  path: Assets/Photon/PhotonUnityNetworking/Demos/PunBasics-Tutorial/Prefabs/Game Manager.prefab
  artifactKey: Guid(b7fe671fa5d4d4772a4b20715fb9b0ff) Importer(815301076,1909f56bfc062723c751e8b465ee728b)
Start importing Assets/Photon/PhotonUnityNetworking/Demos/PunBasics-Tutorial/Prefabs/Game Manager.prefab using Guid(b7fe671fa5d4d4772a4b20715fb9b0ff) Importer(815301076,1909f56bfc062723c751e8b465ee728b)  -> (artifact id: '6fad680b0882490a2848900617881c81') in 0.034010 seconds
  Import took 0.041594 seconds .

========================================================================
Received Import Request.
  Time since last request: 28.055689 seconds.
  path: Assets/Photon/PhotonUnityNetworking/Demos/PunBasics-Tutorial/Prefabs/Game Manager.prefab
  artifactKey: Guid(b7fe671fa5d4d4772a4b20715fb9b0ff) Importer(815301076,1909f56bfc062723c751e8b465ee728b)
Start importing Assets/Photon/PhotonUnityNetworking/Demos/PunBasics-Tutorial/Prefabs/Game Manager.prefab using Guid(b7fe671fa5d4d4772a4b20715fb9b0ff) Importer(815301076,1909f56bfc062723c751e8b465ee728b)  -> (artifact id: '3f94fe97bbaf926ffb3e52ad0919050e') in 0.009683 seconds
  Import took 0.016076 seconds .

========================================================================
Received Import Request.
  Time since last request: 0.012408 seconds.
  path: Assets/Photon/PhotonUnityNetworking/Demos/PunBasics-Tutorial/Prefabs/Game Manager.prefab
  artifactKey: Guid(b7fe671fa5d4d4772a4b20715fb9b0ff) Importer(815301076,1909f56bfc062723c751e8b465ee728b)
Start importing Assets/Photon/PhotonUnityNetworking/Demos/PunBasics-Tutorial/Prefabs/Game Manager.prefab using Guid(b7fe671fa5d4d4772a4b20715fb9b0ff) Importer(815301076,1909f56bfc062723c751e8b465ee728b)  -> (artifact id: '3f94fe97bbaf926ffb3e52ad0919050e') in 0.006255 seconds
  Import took 0.012175 seconds .

========================================================================
Received Import Request.
  Time since last request: 18.274114 seconds.
  path: Assets/Photon/PhotonUnityNetworking/Demos/PunBasics-Tutorial/Prefabs/Game Manager.prefab
  artifactKey: Guid(b7fe671fa5d4d4772a4b20715fb9b0ff) Importer(815301076,1909f56bfc062723c751e8b465ee728b)
Start importing Assets/Photon/PhotonUnityNetworking/Demos/PunBasics-Tutorial/Prefabs/Game Manager.prefab using Guid(b7fe671fa5d4d4772a4b20715fb9b0ff) Importer(815301076,1909f56bfc062723c751e8b465ee728b)  -> (artifact id: 'f11672c67465b001d07f274c243ec266') in 0.004372 seconds
  Import took 0.010364 seconds .

========================================================================
Received Import Request.
  Time since last request: 8.216700 seconds.
  path: Assets/Photon/PhotonUnityNetworking/Demos/PunBasics-Tutorial/Prefabs/Demo Intro UI.prefab
  artifactKey: Guid(f773d1fa10a4f4e0d88490eab5d5b46d) Importer(815301076,1909f56bfc062723c751e8b465ee728b)
Start importing Assets/Photon/PhotonUnityNetworking/Demos/PunBasics-Tutorial/Prefabs/Demo Intro UI.prefab using Guid(f773d1fa10a4f4e0d88490eab5d5b46d) Importer(815301076,1909f56bfc062723c751e8b465ee728b)  -> (artifact id: 'cac66d45519289159d664b16a1618e96') in 0.009044 seconds
  Import took 0.015083 seconds .

========================================================================
Received Import Request.
  Time since last request: 0.000431 seconds.
  path: Assets/Photon/PhotonUnityNetworking/Demos/PunBasics-Tutorial/Prefabs/Quit Room Button.prefab
  artifactKey: Guid(b19bb80838bcf4457bf6f50a19c5593b) Importer(815301076,1909f56bfc062723c751e8b465ee728b)
Start importing Assets/Photon/PhotonUnityNetworking/Demos/PunBasics-Tutorial/Prefabs/Quit Room Button.prefab using Guid(b19bb80838bcf4457bf6f50a19c5593b) Importer(815301076,1909f56bfc062723c751e8b465ee728b)  -> (artifact id: '5f6311739b8301c6d9e291dcbb0b7b08') in 0.011328 seconds
  Import took 0.017971 seconds .

========================================================================
Received Import Request.
  Time since last request: 0.000537 seconds.
  path: Assets/Photon/PhotonUnityNetworking/Demos/PunBasics-Tutorial/Prefabs/Player UI.prefab
  artifactKey: Guid(e41946a981c3b444a84d15eb7c608ca4) Importer(815301076,1909f56bfc062723c751e8b465ee728b)
Start importing Assets/Photon/PhotonUnityNetworking/Demos/PunBasics-Tutorial/Prefabs/Player UI.prefab using Guid(e41946a981c3b444a84d15eb7c608ca4) Importer(815301076,1909f56bfc062723c751e8b465ee728b)  -> (artifact id: 'dedc2efaaf29b8a9954b8d4fd0579ef8') in 0.004226 seconds
  Import took 0.010626 seconds .

========================================================================
Received Import Request.
  Time since last request: 11.486026 seconds.
  path: Assets/Resources/Prefabs/PlayerPrefab.prefab
  artifactKey: Guid(a1a6278b67a881248ba95a3cd77b080c) Importer(815301076,1909f56bfc062723c751e8b465ee728b)
Start importing Assets/Resources/Prefabs/PlayerPrefab.prefab using Guid(a1a6278b67a881248ba95a3cd77b080c) Importer(815301076,1909f56bfc062723c751e8b465ee728b)  -> (artifact id: '0396e871d1bba2c141453163318c832d') in 0.003786 seconds
  Import took 0.010753 seconds .

========================================================================
Received Import Request.
  Time since last request: 11.506909 seconds.
  path: Assets/Resources/Prefabs/PlayerPrefab.prefab
  artifactKey: Guid(a1a6278b67a881248ba95a3cd77b080c) Importer(815301076,1909f56bfc062723c751e8b465ee728b)
Start importing Assets/Resources/Prefabs/PlayerPrefab.prefab using Guid(a1a6278b67a881248ba95a3cd77b080c) Importer(815301076,1909f56bfc062723c751e8b465ee728b)  -> (artifact id: '429b793a6aba2e13ab8df04fe653b8dc') in 0.003834 seconds
  Import took 0.011462 seconds .

========================================================================
Received Import Request.
  Time since last request: 6.364299 seconds.
  path: Assets/Resources/Prefabs/PlayerPrefab.prefab
  artifactKey: Guid(a1a6278b67a881248ba95a3cd77b080c) Importer(815301076,1909f56bfc062723c751e8b465ee728b)
Start importing Assets/Resources/Prefabs/PlayerPrefab.prefab using Guid(a1a6278b67a881248ba95a3cd77b080c) Importer(815301076,1909f56bfc062723c751e8b465ee728b)  -> (artifact id: '521d63571b55b635fbbb643024962a9e') in 0.008542 seconds
  Import took 0.015399 seconds .

========================================================================
Received Import Request.
  Time since last request: 85.014284 seconds.
  path: Assets/Resources/Prefabs/PlayerPrefab.prefab
  artifactKey: Guid(a1a6278b67a881248ba95a3cd77b080c) Importer(815301076,1909f56bfc062723c751e8b465ee728b)
Start importing Assets/Resources/Prefabs/PlayerPrefab.prefab using Guid(a1a6278b67a881248ba95a3cd77b080c) Importer(815301076,1909f56bfc062723c751e8b465ee728b)  -> (artifact id: '3596dd5f2c46b7472468e0e1b4f11692') in 0.031180 seconds
  Import took 0.038406 seconds .

========================================================================
Received Import Request.
  Time since last request: 2.286202 seconds.
  path: Assets/Resources/Prefabs/PlayerPrefab.prefab
  artifactKey: Guid(a1a6278b67a881248ba95a3cd77b080c) Importer(815301076,1909f56bfc062723c751e8b465ee728b)
Start importing Assets/Resources/Prefabs/PlayerPrefab.prefab using Guid(a1a6278b67a881248ba95a3cd77b080c) Importer(815301076,1909f56bfc062723c751e8b465ee728b)  -> (artifact id: '7171fefe5231c2f56ab0b598a520713c') in 0.041618 seconds
  Import took 0.050147 seconds .

========================================================================
Received Prepare
Registering precompiled user dll's ...
Registered in 0.004548 seconds.
Begin MonoManager ReloadAssembly
Native extension for WindowsStandalone target not found
Refreshing native plugins compatible for Editor in 1.43 ms, found 0 plugins.
Preloading 0 native plugins for Editor in 0.00 ms.
Warning: Annotation not found!
UnityEngine.StackTraceUtility:ExtractStackTrace ()
UnityEditor.ProBuilder.EditorUtility:SetGizmoIconEnabled (System.Type,bool) (at C:/Users/Gustav/Desktop/Semester4/Unity/Eksamen/Library/PackageCache/com.unity.probuilder@5.0.1/Editor/EditorCore/EditorUtility.cs:575)
UnityEditor.ProBuilder.HierarchyListener:.cctor () (at C:/Users/Gustav/Desktop/Semester4/Unity/Eksamen/Library/PackageCache/com.unity.probuilder@5.0.1/Editor/EditorCore/HierarchyListener.cs:21)
System.Runtime.CompilerServices.RuntimeHelpers:RunClassConstructor (System.RuntimeTypeHandle)
UnityEditor.EditorAssemblies:ProcessInitializeOnLoadAttributes (System.Type[])

[C:/Users/Gustav/Desktop/Semester4/Unity/Eksamen/Library/PackageCache/com.unity.probuilder@5.0.1/Editor/EditorCore/EditorUtility.cs line 575]

Invoked RoslynAnalysisRunner static constructor.
RoslynAnalysisRunner will not be running.
RoslynAnalysisRunner has terminated.
Mono: successfully reloaded assembly
- Completed reload, in  0.867 seconds
Platform modules already initialized, skipping
Refreshing native plugins compatible for Editor in 1.43 ms, found 0 plugins.
Preloading 0 native plugins for Editor in 0.00 ms.
Unloading 1932 Unused Serialized files (Serialized files now loaded: 0)
System memory in use before: 187.8 MB.
System memory in use after: 187.8 MB.

Unloading 15 unused Assets to reduce memory usage. Loaded Objects now: 2473.
Total: 2.163100 ms (FindLiveObjects: 0.173200 ms CreateObjectMapping: 0.069300 ms MarkObjects: 1.761000 ms  DeleteObjects: 0.158100 ms)

========================================================================
Received Import Request.
  Time since last request: 17.200199 seconds.
  path: Assets/Resources/Prefabs/PlayerPrefab.prefab
  artifactKey: Guid(a1a6278b67a881248ba95a3cd77b080c) Importer(815301076,1909f56bfc062723c751e8b465ee728b)
Start importing Assets/Resources/Prefabs/PlayerPrefab.prefab using Guid(a1a6278b67a881248ba95a3cd77b080c) Importer(815301076,1909f56bfc062723c751e8b465ee728b)  -> (artifact id: 'ab6054a19a70dcbfa6be1274ee228d3f') in 0.110601 seconds
  Import took 0.121629 seconds .

========================================================================
Received Prepare
Registering precompiled user dll's ...
Registered in 0.004738 seconds.
Begin MonoManager ReloadAssembly
Native extension for WindowsStandalone target not found
Refreshing native plugins compatible for Editor in 1.43 ms, found 0 plugins.
Preloading 0 native plugins for Editor in 0.00 ms.
Warning: Annotation not found!
UnityEngine.StackTraceUtility:ExtractStackTrace ()
UnityEditor.ProBuilder.EditorUtility:SetGizmoIconEnabled (System.Type,bool) (at C:/Users/Gustav/Desktop/Semester4/Unity/Eksamen/Library/PackageCache/com.unity.probuilder@5.0.1/Editor/EditorCore/EditorUtility.cs:575)
UnityEditor.ProBuilder.HierarchyListener:.cctor () (at C:/Users/Gustav/Desktop/Semester4/Unity/Eksamen/Library/PackageCache/com.unity.probuilder@5.0.1/Editor/EditorCore/HierarchyListener.cs:21)
System.Runtime.CompilerServices.RuntimeHelpers:RunClassConstructor (System.RuntimeTypeHandle)
UnityEditor.EditorAssemblies:ProcessInitializeOnLoadAttributes (System.Type[])

[C:/Users/Gustav/Desktop/Semester4/Unity/Eksamen/Library/PackageCache/com.unity.probuilder@5.0.1/Editor/EditorCore/EditorUtility.cs line 575]

Invoked RoslynAnalysisRunner static constructor.
RoslynAnalysisRunner will not be running.
RoslynAnalysisRunner has terminated.
Mono: successfully reloaded assembly
- Completed reload, in  0.858 seconds
Platform modules already initialized, skipping
Refreshing native plugins compatible for Editor in 1.42 ms, found 0 plugins.
Preloading 0 native plugins for Editor in 0.00 ms.
Unloading 1932 Unused Serialized files (Serialized files now loaded: 0)
System memory in use before: 187.8 MB.
System memory in use after: 187.9 MB.

Unloading 12 unused Assets to reduce memory usage. Loaded Objects now: 2477.
Total: 2.396100 ms (FindLiveObjects: 0.191500 ms CreateObjectMapping: 0.077900 ms MarkObjects: 1.950200 ms  DeleteObjects: 0.175000 ms)

========================================================================
Received Import Request.
  Time since last request: 51.067013 seconds.
  path: Assets/Resources/Prefabs/PlayerPrefab.prefab
  artifactKey: Guid(a1a6278b67a881248ba95a3cd77b080c) Importer(815301076,1909f56bfc062723c751e8b465ee728b)
Start importing Assets/Resources/Prefabs/PlayerPrefab.prefab using Guid(a1a6278b67a881248ba95a3cd77b080c) Importer(815301076,1909f56bfc062723c751e8b465ee728b)  -> (artifact id: '7cbf162fe044d221eb5cfdc9f5f61fa1') in 0.078654 seconds
  Import took 0.086519 seconds .

========================================================================
Received Prepare
Registering precompiled user dll's ...
Registered in 0.003880 seconds.
Begin MonoManager ReloadAssembly
Native extension for WindowsStandalone target not found
Refreshing native plugins compatible for Editor in 1.43 ms, found 0 plugins.
Preloading 0 native plugins for Editor in 0.00 ms.
Warning: Annotation not found!
UnityEngine.StackTraceUtility:ExtractStackTrace ()
UnityEditor.ProBuilder.EditorUtility:SetGizmoIconEnabled (System.Type,bool) (at C:/Users/Gustav/Desktop/Semester4/Unity/Eksamen/Library/PackageCache/com.unity.probuilder@5.0.1/Editor/EditorCore/EditorUtility.cs:575)
UnityEditor.ProBuilder.HierarchyListener:.cctor () (at C:/Users/Gustav/Desktop/Semester4/Unity/Eksamen/Library/PackageCache/com.unity.probuilder@5.0.1/Editor/EditorCore/HierarchyListener.cs:21)
System.Runtime.CompilerServices.RuntimeHelpers:RunClassConstructor (System.RuntimeTypeHandle)
UnityEditor.EditorAssemblies:ProcessInitializeOnLoadAttributes (System.Type[])

[C:/Users/Gustav/Desktop/Semester4/Unity/Eksamen/Library/PackageCache/com.unity.probuilder@5.0.1/Editor/EditorCore/EditorUtility.cs line 575]

Invoked RoslynAnalysisRunner static constructor.
RoslynAnalysisRunner will not be running.
RoslynAnalysisRunner has terminated.
Mono: successfully reloaded assembly
- Completed reload, in  0.911 seconds
Platform modules already initialized, skipping
Refreshing native plugins compatible for Editor in 1.68 ms, found 0 plugins.
Preloading 0 native plugins for Editor in 0.00 ms.
Unloading 1933 Unused Serialized files (Serialized files now loaded: 0)
System memory in use before: 187.8 MB.
System memory in use after: 187.9 MB.

Unloading 12 unused Assets to reduce memory usage. Loaded Objects now: 2482.
Total: 2.766600 ms (FindLiveObjects: 0.190900 ms CreateObjectMapping: 0.077800 ms MarkObjects: 2.317700 ms  DeleteObjects: 0.178600 ms)

========================================================================
Received Import Request.
  Time since last request: 17.118586 seconds.
  path: Assets/Resources/Prefabs/PlayerPrefab.prefab
  artifactKey: Guid(a1a6278b67a881248ba95a3cd77b080c) Importer(815301076,1909f56bfc062723c751e8b465ee728b)
Start importing Assets/Resources/Prefabs/PlayerPrefab.prefab using Guid(a1a6278b67a881248ba95a3cd77b080c) Importer(815301076,1909f56bfc062723c751e8b465ee728b)  -> (artifact id: '18cbcbe75c684ba43f2329dda28c8ae8') in 0.059909 seconds
  Import took 0.067137 seconds .

========================================================================
Received Prepare
Registering precompiled user dll's ...
Registered in 0.004986 seconds.
Begin MonoManager ReloadAssembly
Native extension for WindowsStandalone target not found
Refreshing native plugins compatible for Editor in 1.45 ms, found 0 plugins.
Preloading 0 native plugins for Editor in 0.00 ms.
Warning: Annotation not found!
UnityEngine.StackTraceUtility:ExtractStackTrace ()
UnityEditor.ProBuilder.EditorUtility:SetGizmoIconEnabled (System.Type,bool) (at C:/Users/Gustav/Desktop/Semester4/Unity/Eksamen/Library/PackageCache/com.unity.probuilder@5.0.1/Editor/EditorCore/EditorUtility.cs:575)
UnityEditor.ProBuilder.HierarchyListener:.cctor () (at C:/Users/Gustav/Desktop/Semester4/Unity/Eksamen/Library/PackageCache/com.unity.probuilder@5.0.1/Editor/EditorCore/HierarchyListener.cs:21)
System.Runtime.CompilerServices.RuntimeHelpers:RunClassConstructor (System.RuntimeTypeHandle)
UnityEditor.EditorAssemblies:ProcessInitializeOnLoadAttributes (System.Type[])

[C:/Users/Gustav/Desktop/Semester4/Unity/Eksamen/Library/PackageCache/com.unity.probuilder@5.0.1/Editor/EditorCore/EditorUtility.cs line 575]

Invoked RoslynAnalysisRunner static constructor.
RoslynAnalysisRunner will not be running.
RoslynAnalysisRunner has terminated.
Mono: successfully reloaded assembly
- Completed reload, in  0.867 seconds
Platform modules already initialized, skipping
Refreshing native plugins compatible for Editor in 1.44 ms, found 0 plugins.
Preloading 0 native plugins for Editor in 0.00 ms.
Unloading 1933 Unused Serialized files (Serialized files now loaded: 0)
System memory in use before: 188.0 MB.
System memory in use after: 188.0 MB.

Unloading 12 unused Assets to reduce memory usage. Loaded Objects now: 2486.
Total: 2.332100 ms (FindLiveObjects: 0.180100 ms CreateObjectMapping: 0.074300 ms MarkObjects: 1.902900 ms  DeleteObjects: 0.173200 ms)

========================================================================
Received Import Request.
  Time since last request: 43.972138 seconds.
  path: Assets/Resources/Prefabs/PlayerPrefab.prefab
  artifactKey: Guid(a1a6278b67a881248ba95a3cd77b080c) Importer(815301076,1909f56bfc062723c751e8b465ee728b)
Start importing Assets/Resources/Prefabs/PlayerPrefab.prefab using Guid(a1a6278b67a881248ba95a3cd77b080c) Importer(815301076,1909f56bfc062723c751e8b465ee728b)  -> (artifact id: '63b44fc4561cd77a70bfce023d452093') in 0.061856 seconds
  Import took 0.068734 seconds .

========================================================================
Received Import Request.
  Time since last request: 5.376728 seconds.
  path: Assets/CustomGameManager.cs
  artifactKey: Guid(9f857c16de69fe740a283e521e8de3b5) Importer(815301076,1909f56bfc062723c751e8b465ee728b)
Start importing Assets/CustomGameManager.cs using Guid(9f857c16de69fe740a283e521e8de3b5) Importer(815301076,1909f56bfc062723c751e8b465ee728b)  -> (artifact id: '6bd8e45c836415d0a739d43f63b8d836') in 0.013400 seconds
  Import took 0.019569 seconds .

========================================================================
Received Import Request.
  Time since last request: 0.015438 seconds.
  path: Assets/CustomGameManager.cs
  artifactKey: Guid(9f857c16de69fe740a283e521e8de3b5) Importer(815301076,1909f56bfc062723c751e8b465ee728b)
Start importing Assets/CustomGameManager.cs using Guid(9f857c16de69fe740a283e521e8de3b5) Importer(815301076,1909f56bfc062723c751e8b465ee728b)  -> (artifact id: '6bd8e45c836415d0a739d43f63b8d836') in 0.003396 seconds
  Import took 0.009248 seconds .

========================================================================
Received Prepare
Registering precompiled user dll's ...
Registered in 0.004001 seconds.
Begin MonoManager ReloadAssembly
Native extension for WindowsStandalone target not found
Refreshing native plugins compatible for Editor in 1.41 ms, found 0 plugins.
Preloading 0 native plugins for Editor in 0.00 ms.
Warning: Annotation not found!
UnityEngine.StackTraceUtility:ExtractStackTrace ()
UnityEditor.ProBuilder.EditorUtility:SetGizmoIconEnabled (System.Type,bool) (at C:/Users/Gustav/Desktop/Semester4/Unity/Eksamen/Library/PackageCache/com.unity.probuilder@5.0.1/Editor/EditorCore/EditorUtility.cs:575)
UnityEditor.ProBuilder.HierarchyListener:.cctor () (at C:/Users/Gustav/Desktop/Semester4/Unity/Eksamen/Library/PackageCache/com.unity.probuilder@5.0.1/Editor/EditorCore/HierarchyListener.cs:21)
System.Runtime.CompilerServices.RuntimeHelpers:RunClassConstructor (System.RuntimeTypeHandle)
UnityEditor.EditorAssemblies:ProcessInitializeOnLoadAttributes (System.Type[])

[C:/Users/Gustav/Desktop/Semester4/Unity/Eksamen/Library/PackageCache/com.unity.probuilder@5.0.1/Editor/EditorCore/EditorUtility.cs line 575]

Invoked RoslynAnalysisRunner static constructor.
RoslynAnalysisRunner will not be running.
RoslynAnalysisRunner has terminated.
Mono: successfully reloaded assembly
- Completed reload, in  0.922 seconds
Platform modules already initialized, skipping
Refreshing native plugins compatible for Editor in 1.58 ms, found 0 plugins.
Preloading 0 native plugins for Editor in 0.00 ms.
Unloading 1933 Unused Serialized files (Serialized files now loaded: 0)
System memory in use before: 188.0 MB.
System memory in use after: 188.0 MB.

Unloading 12 unused Assets to reduce memory usage. Loaded Objects now: 2490.
Total: 2.371600 ms (FindLiveObjects: 0.268500 ms CreateObjectMapping: 0.076400 ms MarkObjects: 1.858000 ms  DeleteObjects: 0.167300 ms)

========================================================================
Received Import Request.
  Time since last request: 47.410508 seconds.
  path: Assets/Photon/PhotonUnityNetworking/Demos/PunBasics-Tutorial/Prefabs/Game Manager.prefab
  artifactKey: Guid(b7fe671fa5d4d4772a4b20715fb9b0ff) Importer(815301076,1909f56bfc062723c751e8b465ee728b)
Start importing Assets/Photon/PhotonUnityNetworking/Demos/PunBasics-Tutorial/Prefabs/Game Manager.prefab using Guid(b7fe671fa5d4d4772a4b20715fb9b0ff) Importer(815301076,1909f56bfc062723c751e8b465ee728b)  -> (artifact id: '846c4900c08764ce0638caacea2893ce') in 0.039952 seconds
  Import took 0.047119 seconds .

========================================================================
Received Import Request.
  Time since last request: 6.924292 seconds.
  path: Assets/Photon/PhotonUnityNetworking/Demos/PunBasics-Tutorial/Prefabs/Game Manager.prefab
  artifactKey: Guid(b7fe671fa5d4d4772a4b20715fb9b0ff) Importer(815301076,1909f56bfc062723c751e8b465ee728b)
Start importing Assets/Photon/PhotonUnityNetworking/Demos/PunBasics-Tutorial/Prefabs/Game Manager.prefab using Guid(b7fe671fa5d4d4772a4b20715fb9b0ff) Importer(815301076,1909f56bfc062723c751e8b465ee728b)  -> (artifact id: 'a48cbb07ee4d1fa9e0bc6491a8f6c237') in 0.005003 seconds
  Import took 0.012640 seconds .

========================================================================
Received Import Request.
  Time since last request: 0.024855 seconds.
  path: Assets/Photon/PhotonUnityNetworking/Demos/PunBasics-Tutorial/Prefabs/Game Manager.prefab
  artifactKey: Guid(b7fe671fa5d4d4772a4b20715fb9b0ff) Importer(815301076,1909f56bfc062723c751e8b465ee728b)
Start importing Assets/Photon/PhotonUnityNetworking/Demos/PunBasics-Tutorial/Prefabs/Game Manager.prefab using Guid(b7fe671fa5d4d4772a4b20715fb9b0ff) Importer(815301076,1909f56bfc062723c751e8b465ee728b)  -> (artifact id: 'a48cbb07ee4d1fa9e0bc6491a8f6c237') in 0.004616 seconds
  Import took 0.010499 seconds .

========================================================================
Received Prepare
Registering precompiled user dll's ...
Registered in 0.004372 seconds.
Begin MonoManager ReloadAssembly
Native extension for WindowsStandalone target not found
Refreshing native plugins compatible for Editor in 1.67 ms, found 0 plugins.
Preloading 0 native plugins for Editor in 0.00 ms.
Warning: Annotation not found!
UnityEngine.StackTraceUtility:ExtractStackTrace ()
UnityEditor.ProBuilder.EditorUtility:SetGizmoIconEnabled (System.Type,bool) (at C:/Users/Gustav/Desktop/Semester4/Unity/Eksamen/Library/PackageCache/com.unity.probuilder@5.0.1/Editor/EditorCore/EditorUtility.cs:575)
UnityEditor.ProBuilder.HierarchyListener:.cctor () (at C:/Users/Gustav/Desktop/Semester4/Unity/Eksamen/Library/PackageCache/com.unity.probuilder@5.0.1/Editor/EditorCore/HierarchyListener.cs:21)
System.Runtime.CompilerServices.RuntimeHelpers:RunClassConstructor (System.RuntimeTypeHandle)
UnityEditor.EditorAssemblies:ProcessInitializeOnLoadAttributes (System.Type[])

[C:/Users/Gustav/Desktop/Semester4/Unity/Eksamen/Library/PackageCache/com.unity.probuilder@5.0.1/Editor/EditorCore/EditorUtility.cs line 575]

Invoked RoslynAnalysisRunner static constructor.
RoslynAnalysisRunner will not be running.
RoslynAnalysisRunner has terminated.
Mono: successfully reloaded assembly
- Completed reload, in  0.902 seconds
Platform modules already initialized, skipping
Refreshing native plugins compatible for Editor in 1.50 ms, found 0 plugins.
Preloading 0 native plugins for Editor in 0.00 ms.
Unloading 1933 Unused Serialized files (Serialized files now loaded: 0)
System memory in use before: 188.0 MB.
System memory in use after: 188.0 MB.

Unloading 11 unused Assets to reduce memory usage. Loaded Objects now: 2493.
Total: 2.278300 ms (FindLiveObjects: 0.174900 ms CreateObjectMapping: 0.068800 ms MarkObjects: 1.875400 ms  DeleteObjects: 0.158000 ms)

========================================================================
Received Import Request.
  Time since last request: 106.759681 seconds.
  path: Assets/CustomGameManager.cs
  artifactKey: Guid(9f857c16de69fe740a283e521e8de3b5) Importer(815301076,1909f56bfc062723c751e8b465ee728b)
Start importing Assets/CustomGameManager.cs using Guid(9f857c16de69fe740a283e521e8de3b5) Importer(815301076,1909f56bfc062723c751e8b465ee728b)  -> (artifact id: 'd64203aa90d79194ae9ef396deef630d') in 0.005806 seconds
  Import took 0.012269 seconds .

========================================================================
Received Prepare
Registering precompiled user dll's ...
Registered in 0.003839 seconds.
Begin MonoManager ReloadAssembly
Native extension for WindowsStandalone target not found
Refreshing native plugins compatible for Editor in 1.42 ms, found 0 plugins.
Preloading 0 native plugins for Editor in 0.00 ms.
Warning: Annotation not found!
UnityEngine.StackTraceUtility:ExtractStackTrace ()
UnityEditor.ProBuilder.EditorUtility:SetGizmoIconEnabled (System.Type,bool) (at C:/Users/Gustav/Desktop/Semester4/Unity/Eksamen/Library/PackageCache/com.unity.probuilder@5.0.1/Editor/EditorCore/EditorUtility.cs:575)
UnityEditor.ProBuilder.HierarchyListener:.cctor () (at C:/Users/Gustav/Desktop/Semester4/Unity/Eksamen/Library/PackageCache/com.unity.probuilder@5.0.1/Editor/EditorCore/HierarchyListener.cs:21)
System.Runtime.CompilerServices.RuntimeHelpers:RunClassConstructor (System.RuntimeTypeHandle)
UnityEditor.EditorAssemblies:ProcessInitializeOnLoadAttributes (System.Type[])

[C:/Users/Gustav/Desktop/Semester4/Unity/Eksamen/Library/PackageCache/com.unity.probuilder@5.0.1/Editor/EditorCore/EditorUtility.cs line 575]

Invoked RoslynAnalysisRunner static constructor.
RoslynAnalysisRunner will not be running.
RoslynAnalysisRunner has terminated.
Mono: successfully reloaded assembly
- Completed reload, in  0.816 seconds
Platform modules already initialized, skipping
Refreshing native plugins compatible for Editor in 1.50 ms, found 0 plugins.
Preloading 0 native plugins for Editor in 0.00 ms.
Unloading 1933 Unused Serialized files (Serialized files now loaded: 0)
System memory in use before: 188.0 MB.
System memory in use after: 188.0 MB.

Unloading 11 unused Assets to reduce memory usage. Loaded Objects now: 2496.
Total: 2.448400 ms (FindLiveObjects: 0.252500 ms CreateObjectMapping: 0.098200 ms MarkObjects: 1.920600 ms  DeleteObjects: 0.175800 ms)

========================================================================
Received Prepare
Registering precompiled user dll's ...
Registered in 0.003857 seconds.
Begin MonoManager ReloadAssembly
Native extension for WindowsStandalone target not found
Refreshing native plugins compatible for Editor in 1.39 ms, found 0 plugins.
Preloading 0 native plugins for Editor in 0.00 ms.
Warning: Annotation not found!
UnityEngine.StackTraceUtility:ExtractStackTrace ()
UnityEditor.ProBuilder.EditorUtility:SetGizmoIconEnabled (System.Type,bool) (at C:/Users/Gustav/Desktop/Semester4/Unity/Eksamen/Library/PackageCache/com.unity.probuilder@5.0.1/Editor/EditorCore/EditorUtility.cs:575)
UnityEditor.ProBuilder.HierarchyListener:.cctor () (at C:/Users/Gustav/Desktop/Semester4/Unity/Eksamen/Library/PackageCache/com.unity.probuilder@5.0.1/Editor/EditorCore/HierarchyListener.cs:21)
System.Runtime.CompilerServices.RuntimeHelpers:RunClassConstructor (System.RuntimeTypeHandle)
UnityEditor.EditorAssemblies:ProcessInitializeOnLoadAttributes (System.Type[])

[C:/Users/Gustav/Desktop/Semester4/Unity/Eksamen/Library/PackageCache/com.unity.probuilder@5.0.1/Editor/EditorCore/EditorUtility.cs line 575]

Invoked RoslynAnalysisRunner static constructor.
RoslynAnalysisRunner will not be running.
RoslynAnalysisRunner has terminated.
Mono: successfully reloaded assembly
- Completed reload, in  0.858 seconds
Platform modules already initialized, skipping
Refreshing native plugins compatible for Editor in 1.69 ms, found 0 plugins.
Preloading 0 native plugins for Editor in 0.00 ms.
Unloading 1934 Unused Serialized files (Serialized files now loaded: 0)
System memory in use before: 187.9 MB.
System memory in use after: 188.0 MB.

Unloading 11 unused Assets to reduce memory usage. Loaded Objects now: 2500.
Total: 2.458600 ms (FindLiveObjects: 0.202000 ms CreateObjectMapping: 0.076700 ms MarkObjects: 2.005600 ms  DeleteObjects: 0.173000 ms)

========================================================================
Received Import Request.
  Time since last request: 22.418680 seconds.
  path: Assets/Scripts/IAttackable.cs
  artifactKey: Guid(5e9782e4d10a95440b40bc261651a429) Importer(815301076,1909f56bfc062723c751e8b465ee728b)
Start importing Assets/Scripts/IAttackable.cs using Guid(5e9782e4d10a95440b40bc261651a429) Importer(815301076,1909f56bfc062723c751e8b465ee728b)  -> (artifact id: 'edbb00fdb10e019e235c813069e22f76') in 0.006251 seconds
  Import took 0.012055 seconds .

========================================================================
Received Prepare
Registering precompiled user dll's ...
Registered in 0.003723 seconds.
Begin MonoManager ReloadAssembly
Native extension for WindowsStandalone target not found
Refreshing native plugins compatible for Editor in 1.41 ms, found 0 plugins.
Preloading 0 native plugins for Editor in 0.00 ms.
Warning: Annotation not found!
UnityEngine.StackTraceUtility:ExtractStackTrace ()
UnityEditor.ProBuilder.EditorUtility:SetGizmoIconEnabled (System.Type,bool) (at C:/Users/Gustav/Desktop/Semester4/Unity/Eksamen/Library/PackageCache/com.unity.probuilder@5.0.1/Editor/EditorCore/EditorUtility.cs:575)
UnityEditor.ProBuilder.HierarchyListener:.cctor () (at C:/Users/Gustav/Desktop/Semester4/Unity/Eksamen/Library/PackageCache/com.unity.probuilder@5.0.1/Editor/EditorCore/HierarchyListener.cs:21)
System.Runtime.CompilerServices.RuntimeHelpers:RunClassConstructor (System.RuntimeTypeHandle)
UnityEditor.EditorAssemblies:ProcessInitializeOnLoadAttributes (System.Type[])

[C:/Users/Gustav/Desktop/Semester4/Unity/Eksamen/Library/PackageCache/com.unity.probuilder@5.0.1/Editor/EditorCore/EditorUtility.cs line 575]

Invoked RoslynAnalysisRunner static constructor.
RoslynAnalysisRunner will not be running.
RoslynAnalysisRunner has terminated.
Mono: successfully reloaded assembly
- Completed reload, in  0.860 seconds
Platform modules already initialized, skipping
Refreshing native plugins compatible for Editor in 1.53 ms, found 0 plugins.
Preloading 0 native plugins for Editor in 0.00 ms.
Unloading 1934 Unused Serialized files (Serialized files now loaded: 0)
System memory in use before: 187.9 MB.
System memory in use after: 188.0 MB.

Unloading 11 unused Assets to reduce memory usage. Loaded Objects now: 2503.
Total: 2.455000 ms (FindLiveObjects: 0.243900 ms CreateObjectMapping: 0.100800 ms MarkObjects: 1.938000 ms  DeleteObjects: 0.170700 ms)

========================================================================
Received Import Request.
  Time since last request: 57.107264 seconds.
  path: Assets/Resources/Prefabs/PlayerPrefab.prefab
  artifactKey: Guid(a1a6278b67a881248ba95a3cd77b080c) Importer(815301076,1909f56bfc062723c751e8b465ee728b)
Start importing Assets/Resources/Prefabs/PlayerPrefab.prefab using Guid(a1a6278b67a881248ba95a3cd77b080c) Importer(815301076,1909f56bfc062723c751e8b465ee728b)  -> (artifact id: '2c06a593215547badcc81563648dcd25') in 0.047951 seconds
  Import took 0.054148 seconds .

========================================================================
Received Prepare
Registering precompiled user dll's ...
Registered in 0.003799 seconds.
Begin MonoManager ReloadAssembly
Native extension for WindowsStandalone target not found
Refreshing native plugins compatible for Editor in 1.42 ms, found 0 plugins.
Preloading 0 native plugins for Editor in 0.00 ms.
Warning: Annotation not found!
UnityEngine.StackTraceUtility:ExtractStackTrace ()
UnityEditor.ProBuilder.EditorUtility:SetGizmoIconEnabled (System.Type,bool) (at C:/Users/Gustav/Desktop/Semester4/Unity/Eksamen/Library/PackageCache/com.unity.probuilder@5.0.1/Editor/EditorCore/EditorUtility.cs:575)
UnityEditor.ProBuilder.HierarchyListener:.cctor () (at C:/Users/Gustav/Desktop/Semester4/Unity/Eksamen/Library/PackageCache/com.unity.probuilder@5.0.1/Editor/EditorCore/HierarchyListener.cs:21)
System.Runtime.CompilerServices.RuntimeHelpers:RunClassConstructor (System.RuntimeTypeHandle)
UnityEditor.EditorAssemblies:ProcessInitializeOnLoadAttributes (System.Type[])

[C:/Users/Gustav/Desktop/Semester4/Unity/Eksamen/Library/PackageCache/com.unity.probuilder@5.0.1/Editor/EditorCore/EditorUtility.cs line 575]

Invoked RoslynAnalysisRunner static constructor.
RoslynAnalysisRunner will not be running.
RoslynAnalysisRunner has terminated.
Mono: successfully reloaded assembly
- Completed reload, in  0.869 seconds
Platform modules already initialized, skipping
Refreshing native plugins compatible for Editor in 1.52 ms, found 0 plugins.
Preloading 0 native plugins for Editor in 0.00 ms.
Unloading 1935 Unused Serialized files (Serialized files now loaded: 0)
System memory in use before: 188.0 MB.
System memory in use after: 188.0 MB.

Unloading 12 unused Assets to reduce memory usage. Loaded Objects now: 2508.
Total: 2.262700 ms (FindLiveObjects: 0.183800 ms CreateObjectMapping: 0.100500 ms MarkObjects: 1.812600 ms  DeleteObjects: 0.164700 ms)

========================================================================
Received Import Request.
  Time since last request: 13.163564 seconds.
  path: Assets/Resources/Prefabs/PlayerPrefab.prefab
  artifactKey: Guid(a1a6278b67a881248ba95a3cd77b080c) Importer(815301076,1909f56bfc062723c751e8b465ee728b)
Start importing Assets/Resources/Prefabs/PlayerPrefab.prefab using Guid(a1a6278b67a881248ba95a3cd77b080c) Importer(815301076,1909f56bfc062723c751e8b465ee728b)  -> (artifact id: '0d201f47a61b14f9a122a0a7bf4707ad') in 0.059231 seconds
  Import took 0.065376 seconds .

========================================================================
Received Prepare
Registering precompiled user dll's ...
Registered in 0.003886 seconds.
Begin MonoManager ReloadAssembly
Native extension for WindowsStandalone target not found
Refreshing native plugins compatible for Editor in 2.01 ms, found 0 plugins.
Preloading 0 native plugins for Editor in 0.00 ms.
Warning: Annotation not found!
UnityEngine.StackTraceUtility:ExtractStackTrace ()
UnityEditor.ProBuilder.EditorUtility:SetGizmoIconEnabled (System.Type,bool) (at C:/Users/Gustav/Desktop/Semester4/Unity/Eksamen/Library/PackageCache/com.unity.probuilder@5.0.1/Editor/EditorCore/EditorUtility.cs:575)
UnityEditor.ProBuilder.HierarchyListener:.cctor () (at C:/Users/Gustav/Desktop/Semester4/Unity/Eksamen/Library/PackageCache/com.unity.probuilder@5.0.1/Editor/EditorCore/HierarchyListener.cs:21)
System.Runtime.CompilerServices.RuntimeHelpers:RunClassConstructor (System.RuntimeTypeHandle)
UnityEditor.EditorAssemblies:ProcessInitializeOnLoadAttributes (System.Type[])

[C:/Users/Gustav/Desktop/Semester4/Unity/Eksamen/Library/PackageCache/com.unity.probuilder@5.0.1/Editor/EditorCore/EditorUtility.cs line 575]

Invoked RoslynAnalysisRunner static constructor.
RoslynAnalysisRunner will not be running.
RoslynAnalysisRunner has terminated.
Mono: successfully reloaded assembly
- Completed reload, in  0.977 seconds
Platform modules already initialized, skipping
Refreshing native plugins compatible for Editor in 1.61 ms, found 0 plugins.
Preloading 0 native plugins for Editor in 0.00 ms.
Unloading 1935 Unused Serialized files (Serialized files now loaded: 0)
System memory in use before: 188.0 MB.
System memory in use after: 188.0 MB.

Unloading 12 unused Assets to reduce memory usage. Loaded Objects now: 2512.
Total: 2.576700 ms (FindLiveObjects: 0.227600 ms CreateObjectMapping: 0.090100 ms MarkObjects: 2.068400 ms  DeleteObjects: 0.188900 ms)

========================================================================
Received Import Request.
  Time since last request: 33.385008 seconds.
  path: Assets/Resources/Prefabs/PlayerPrefab.prefab
  artifactKey: Guid(a1a6278b67a881248ba95a3cd77b080c) Importer(815301076,1909f56bfc062723c751e8b465ee728b)
Start importing Assets/Resources/Prefabs/PlayerPrefab.prefab using Guid(a1a6278b67a881248ba95a3cd77b080c) Importer(815301076,1909f56bfc062723c751e8b465ee728b)  -> (artifact id: 'c3e86af2e7a80bfcfdf8d094033e8c10') in 0.079218 seconds
  Import took 0.086203 seconds .

========================================================================
Received Import Request.
  Time since last request: 32.377820 seconds.
  path: Assets/Weapons/Scifi Guns More/Models
  artifactKey: Guid(5b157154a7c37444a929e3d47292e38f) Importer(815301076,1909f56bfc062723c751e8b465ee728b)
Start importing Assets/Weapons/Scifi Guns More/Models using Guid(5b157154a7c37444a929e3d47292e38f) Importer(815301076,1909f56bfc062723c751e8b465ee728b)  -> (artifact id: 'aa63f08f0e2ae57f754b394339d5e441') in 0.003518 seconds
  Import took 0.011013 seconds .

========================================================================
Received Import Request.
  Time since last request: 0.054103 seconds.
  path: Assets/Weapons/Scifi Guns More/Models/Gun1.fbx
  artifactKey: Guid(09ab23981809ccb4eb233443c33f4e68) Importer(815301076,1909f56bfc062723c751e8b465ee728b)
Start importing Assets/Weapons/Scifi Guns More/Models/Gun1.fbx using Guid(09ab23981809ccb4eb233443c33f4e68) Importer(815301076,1909f56bfc062723c751e8b465ee728b)  -> (artifact id: 'e51bb5b789bbb8fe62372d63abc35b33') in 0.091348 seconds
  Import took 0.096715 seconds .

========================================================================
Received Import Request.
  Time since last request: 0.000411 seconds.
  path: Assets/Weapons/Scifi Guns More/Models/Minigun1.fbx
  artifactKey: Guid(92e845f406e7a374db2e12027f8e5810) Importer(815301076,1909f56bfc062723c751e8b465ee728b)
Start importing Assets/Weapons/Scifi Guns More/Models/Minigun1.fbx using Guid(92e845f406e7a374db2e12027f8e5810) Importer(815301076,1909f56bfc062723c751e8b465ee728b)  -> (artifact id: 'd6a30af7641eeb9ba8896701b14599a3') in 0.020637 seconds
  Import took 0.025946 seconds .

========================================================================
Received Import Request.
  Time since last request: 0.000429 seconds.
  path: Assets/Weapons/Scifi Guns More/Models/Gun2.fbx
  artifactKey: Guid(b42ad9c8cc0abae4c8004f5468b05d6a) Importer(815301076,1909f56bfc062723c751e8b465ee728b)
Start importing Assets/Weapons/Scifi Guns More/Models/Gun2.fbx using Guid(b42ad9c8cc0abae4c8004f5468b05d6a) Importer(815301076,1909f56bfc062723c751e8b465ee728b)  -> (artifact id: 'b45fec3dcaea481455fa0cd59d192139') in 0.022130 seconds
  Import took 0.027578 seconds .

========================================================================
Received Import Request.
  Time since last request: 0.000340 seconds.
  path: Assets/Weapons/Scifi Guns More/Models/RocketLauncher4.fbx
  artifactKey: Guid(786b25c879df29c409bbd0f17f6c66d9) Importer(815301076,1909f56bfc062723c751e8b465ee728b)
Start importing Assets/Weapons/Scifi Guns More/Models/RocketLauncher4.fbx using Guid(786b25c879df29c409bbd0f17f6c66d9) Importer(815301076,1909f56bfc062723c751e8b465ee728b)  -> (artifact id: '06e93f9fc51ecd9403234485a5b9631a') in 0.021355 seconds
  Import took 0.027059 seconds .

========================================================================
Received Import Request.
  Time since last request: 0.000449 seconds.
  path: Assets/Weapons/Scifi Guns More/Models/Shocker3.fbx
  artifactKey: Guid(1c12b23637e6d0744b84726e889b7a1e) Importer(815301076,1909f56bfc062723c751e8b465ee728b)
Start importing Assets/Weapons/Scifi Guns More/Models/Shocker3.fbx using Guid(1c12b23637e6d0744b84726e889b7a1e) Importer(815301076,1909f56bfc062723c751e8b465ee728b)  -> (artifact id: '53971db97b508496987862ebfd89522d') in 0.022121 seconds
  Import took 0.027765 seconds .

========================================================================
Received Import Request.
  Time since last request: 0.000430 seconds.
  path: Assets/Weapons/Scifi Guns More/Models/StartingMechanism4.fbx
  artifactKey: Guid(91b59e3c8f32b4c4cbb79c73320b407b) Importer(815301076,1909f56bfc062723c751e8b465ee728b)
Start importing Assets/Weapons/Scifi Guns More/Models/StartingMechanism4.fbx using Guid(91b59e3c8f32b4c4cbb79c73320b407b) Importer(815301076,1909f56bfc062723c751e8b465ee728b)  -> (artifact id: 'c5ad5dc367a4f688baac50225c988e22') in 0.029062 seconds
  Import took 0.033957 seconds .

========================================================================
Received Import Request.
  Time since last request: 0.000377 seconds.
  path: Assets/Weapons/Scifi Guns More/Models/Minigun4.fbx
  artifactKey: Guid(c54c771f5ef3bd7428ca4dd8e269e306) Importer(815301076,1909f56bfc062723c751e8b465ee728b)
Start importing Assets/Weapons/Scifi Guns More/Models/Minigun4.fbx using Guid(c54c771f5ef3bd7428ca4dd8e269e306) Importer(815301076,1909f56bfc062723c751e8b465ee728b)  -> (artifact id: '7a4ff0dda05aa147162897cf011576af') in 0.020848 seconds
  Import took 0.026176 seconds .

========================================================================
Received Import Request.
  Time since last request: 0.000390 seconds.
  path: Assets/Weapons/Scifi Guns More/Models/Turret1.fbx
  artifactKey: Guid(a5758c1fa59f56c4fae8d27c8c8355db) Importer(815301076,1909f56bfc062723c751e8b465ee728b)
Start importing Assets/Weapons/Scifi Guns More/Models/Turret1.fbx using Guid(a5758c1fa59f56c4fae8d27c8c8355db) Importer(815301076,1909f56bfc062723c751e8b465ee728b)  -> (artifact id: '3e548bb5d70f1b5ea158cbeb7f68781a') in 0.022664 seconds
  Import took 0.028320 seconds .

========================================================================
Received Import Request.
  Time since last request: 0.000507 seconds.
  path: Assets/Weapons/Scifi Guns More/Models/shield3.fbx
  artifactKey: Guid(6ab3df21daabd524896ee718451b9283) Importer(815301076,1909f56bfc062723c751e8b465ee728b)
Start importing Assets/Weapons/Scifi Guns More/Models/shield3.fbx using Guid(6ab3df21daabd524896ee718451b9283) Importer(815301076,1909f56bfc062723c751e8b465ee728b)  -> (artifact id: '3fab2dec303fa610ea60caeaa83895c8') in 0.013014 seconds
  Import took 0.018444 seconds .

========================================================================
Received Import Request.
  Time since last request: 0.000465 seconds.
  path: Assets/Weapons/Scifi Guns More/Models/Turret2.fbx
  artifactKey: Guid(2abce1e94f62fb541998357d9104b025) Importer(815301076,1909f56bfc062723c751e8b465ee728b)
Start importing Assets/Weapons/Scifi Guns More/Models/Turret2.fbx using Guid(2abce1e94f62fb541998357d9104b025) Importer(815301076,1909f56bfc062723c751e8b465ee728b)  -> (artifact id: 'd7e8c210b0d1757c90c824408f770ca9') in 0.023088 seconds
  Import took 0.028530 seconds .

========================================================================
Received Import Request.
  Time since last request: 0.000512 seconds.
  path: Assets/Weapons/Scifi Guns More/Models/RocketLauncher5.fbx
  artifactKey: Guid(2df433980a1fcb241915264cadcafe4d) Importer(815301076,1909f56bfc062723c751e8b465ee728b)
Start importing Assets/Weapons/Scifi Guns More/Models/RocketLauncher5.fbx using Guid(2df433980a1fcb241915264cadcafe4d) Importer(815301076,1909f56bfc062723c751e8b465ee728b)  -> (artifact id: 'b5ce7bfd78cb9032f91a65507d3d4680') in 0.022409 seconds
  Import took 0.027511 seconds .

========================================================================
Received Import Request.
  Time since last request: 0.000316 seconds.
  path: Assets/Weapons/Scifi Guns More/Models/StartingMechanism2.fbx
  artifactKey: Guid(f1bed71bbb9007b44a2f66b622bfbb5e) Importer(815301076,1909f56bfc062723c751e8b465ee728b)
Start importing Assets/Weapons/Scifi Guns More/Models/StartingMechanism2.fbx using Guid(f1bed71bbb9007b44a2f66b622bfbb5e) Importer(815301076,1909f56bfc062723c751e8b465ee728b)  -> (artifact id: 'd4907db60e174ec7952585c7abd84709') in 0.027024 seconds
  Import took 0.032633 seconds .

========================================================================
Received Import Request.
  Time since last request: 0.000448 seconds.
  path: Assets/Weapons/Scifi Guns More/Models/Mines.fbx
  artifactKey: Guid(a0308b184bfc9b64c877a6027188a4a2) Importer(815301076,1909f56bfc062723c751e8b465ee728b)
Start importing Assets/Weapons/Scifi Guns More/Models/Mines.fbx using Guid(a0308b184bfc9b64c877a6027188a4a2) Importer(815301076,1909f56bfc062723c751e8b465ee728b)  -> (artifact id: 'b8c26396388d246899952d30fb3f1846') in 0.022789 seconds
  Import took 0.028485 seconds .

========================================================================
Received Import Request.
  Time since last request: 0.000436 seconds.
  path: Assets/Weapons/Scifi Guns More/Models/Minigun2.fbx
  artifactKey: Guid(bfbba37a49a0ccd4ea772ba1417ec63a) Importer(815301076,1909f56bfc062723c751e8b465ee728b)
Start importing Assets/Weapons/Scifi Guns More/Models/Minigun2.fbx using Guid(bfbba37a49a0ccd4ea772ba1417ec63a) Importer(815301076,1909f56bfc062723c751e8b465ee728b)  -> (artifact id: '34d2f355b0776ed64216c37f7581c78b') in 0.023070 seconds
  Import took 0.028296 seconds .

========================================================================
Received Import Request.
  Time since last request: 0.000371 seconds.
  path: Assets/Weapons/Scifi Guns More/Models/Gun5.fbx
  artifactKey: Guid(cfc2320a5a9ddb640a97a28d5a252ffc) Importer(815301076,1909f56bfc062723c751e8b465ee728b)
Start importing Assets/Weapons/Scifi Guns More/Models/Gun5.fbx using Guid(cfc2320a5a9ddb640a97a28d5a252ffc) Importer(815301076,1909f56bfc062723c751e8b465ee728b)  -> (artifact id: '3dbdf2e854707db14603cfcd7ee08f21') in 0.020962 seconds
  Import took 0.026483 seconds .

========================================================================
Received Import Request.
  Time since last request: 0.000512 seconds.
  path: Assets/Weapons/Scifi Guns More/Models/RocketLauncher3.fbx
  artifactKey: Guid(937820a089a3028479fee74c9d97b590) Importer(815301076,1909f56bfc062723c751e8b465ee728b)
Start importing Assets/Weapons/Scifi Guns More/Models/RocketLauncher3.fbx using Guid(937820a089a3028479fee74c9d97b590) Importer(815301076,1909f56bfc062723c751e8b465ee728b)  -> (artifact id: '88da070d9fa815368dd0b656a175cd9e') in 0.023582 seconds
  Import took 0.029456 seconds .

========================================================================
Received Import Request.
  Time since last request: 0.000470 seconds.
  path: Assets/Weapons/Scifi Guns More/Models/Minigun3.fbx
  artifactKey: Guid(6a492f4dfd76de94bafcc552b5fb8255) Importer(815301076,1909f56bfc062723c751e8b465ee728b)
Start importing Assets/Weapons/Scifi Guns More/Models/Minigun3.fbx using Guid(6a492f4dfd76de94bafcc552b5fb8255) Importer(815301076,1909f56bfc062723c751e8b465ee728b)  -> (artifact id: '4df093b1cbb49edfa94be263dfa5c711') in 0.021635 seconds
  Import took 0.027064 seconds .

========================================================================
Received Import Request.
  Time since last request: 0.000440 seconds.
  path: Assets/Weapons/Scifi Guns More/Models/shield4.fbx
  artifactKey: Guid(d8b33a62877b52b4b97fb70252af994c) Importer(815301076,1909f56bfc062723c751e8b465ee728b)
Start importing Assets/Weapons/Scifi Guns More/Models/shield4.fbx using Guid(d8b33a62877b52b4b97fb70252af994c) Importer(815301076,1909f56bfc062723c751e8b465ee728b)  -> (artifact id: '692c170b2f3112d82533c07493892554') in 0.012693 seconds
  Import took 0.018689 seconds .

========================================================================
Received Import Request.
  Time since last request: 0.000501 seconds.
  path: Assets/Weapons/Scifi Guns More/Models/shield1.fbx
  artifactKey: Guid(69e70b105013b9644813068955fda811) Importer(815301076,1909f56bfc062723c751e8b465ee728b)
Start importing Assets/Weapons/Scifi Guns More/Models/shield1.fbx using Guid(69e70b105013b9644813068955fda811) Importer(815301076,1909f56bfc062723c751e8b465ee728b)  -> (artifact id: '62e7bab7c75c08ac798e5335a123140d') in 0.013071 seconds
  Import took 0.018948 seconds .

========================================================================
Received Import Request.
  Time since last request: 0.000527 seconds.
  path: Assets/Weapons/Scifi Guns More/Models/shield5.fbx
  artifactKey: Guid(ffd1b9d47365caa4ca22ed61e4ed97f6) Importer(815301076,1909f56bfc062723c751e8b465ee728b)
Start importing Assets/Weapons/Scifi Guns More/Models/shield5.fbx using Guid(ffd1b9d47365caa4ca22ed61e4ed97f6) Importer(815301076,1909f56bfc062723c751e8b465ee728b)  -> (artifact id: '19e806f0f86427ef939604bac5be8a7a') in 0.012404 seconds
  Import took 0.018281 seconds .

========================================================================
Received Import Request.
  Time since last request: 0.000447 seconds.
  path: Assets/Weapons/Scifi Guns More/Models/Shocker2.fbx
  artifactKey: Guid(bb72e75188417e744bd7143b08e9f6f2) Importer(815301076,1909f56bfc062723c751e8b465ee728b)
Start importing Assets/Weapons/Scifi Guns More/Models/Shocker2.fbx using Guid(bb72e75188417e744bd7143b08e9f6f2) Importer(815301076,1909f56bfc062723c751e8b465ee728b)  -> (artifact id: '3d182758aa671a430d80d42ec8549e91') in 0.021922 seconds
  Import took 0.027989 seconds .

========================================================================
Received Import Request.
  Time since last request: 0.000373 seconds.
  path: Assets/Weapons/Scifi Guns More/Models/StartingMechanism1.fbx
  artifactKey: Guid(af5e3983bffc63e4aaf5ed495653f8ad) Importer(815301076,1909f56bfc062723c751e8b465ee728b)
Start importing Assets/Weapons/Scifi Guns More/Models/StartingMechanism1.fbx using Guid(af5e3983bffc63e4aaf5ed495653f8ad) Importer(815301076,1909f56bfc062723c751e8b465ee728b)  -> (artifact id: 'd19d3fc1706037d18958a40ecabba894') in 0.027678 seconds
  Import took 0.033553 seconds .

========================================================================
Received Import Request.
  Time since last request: 0.000474 seconds.
  path: Assets/Weapons/Scifi Guns More/Models/StartingMechanism5.fbx
  artifactKey: Guid(b3570e0c2bb311a47bd63d92a70c747e) Importer(815301076,1909f56bfc062723c751e8b465ee728b)
Start importing Assets/Weapons/Scifi Guns More/Models/StartingMechanism5.fbx using Guid(b3570e0c2bb311a47bd63d92a70c747e) Importer(815301076,1909f56bfc062723c751e8b465ee728b)  -> (artifact id: 'd8f3bf0be90c7dcb3cb8262f151a001d') in 0.031373 seconds
  Import took 0.037330 seconds .

========================================================================
Received Import Request.
  Time since last request: 0.000445 seconds.
  path: Assets/Weapons/Scifi Guns More/Models/Turret4.fbx
  artifactKey: Guid(991fa4da127de394daa722a182514fac) Importer(815301076,1909f56bfc062723c751e8b465ee728b)
Start importing Assets/Weapons/Scifi Guns More/Models/Turret4.fbx using Guid(991fa4da127de394daa722a182514fac) Importer(815301076,1909f56bfc062723c751e8b465ee728b)  -> (artifact id: '3fb7ffe6a2a26d0ab4395ae2dc1bb67a') in 0.022362 seconds
  Import took 0.027482 seconds .

========================================================================
Received Import Request.
  Time since last request: 0.000341 seconds.
  path: Assets/Weapons/Scifi Guns More/Models/Shocker4.fbx
  artifactKey: Guid(f105f1a3f120aa344ad712ef581b64b5) Importer(815301076,1909f56bfc062723c751e8b465ee728b)
Start importing Assets/Weapons/Scifi Guns More/Models/Shocker4.fbx using Guid(f105f1a3f120aa344ad712ef581b64b5) Importer(815301076,1909f56bfc062723c751e8b465ee728b)  -> (artifact id: 'b6647edbeca397c2fff9f3d67011468c') in 0.020379 seconds
  Import took 0.025782 seconds .

========================================================================
Received Import Request.
  Time since last request: 0.000520 seconds.
  path: Assets/Weapons/Scifi Guns More/Models/Gun4.fbx
  artifactKey: Guid(13015362b50c67746a73e4548a7df891) Importer(815301076,1909f56bfc062723c751e8b465ee728b)
Start importing Assets/Weapons/Scifi Guns More/Models/Gun4.fbx using Guid(13015362b50c67746a73e4548a7df891) Importer(815301076,1909f56bfc062723c751e8b465ee728b)  -> (artifact id: '9f0c6f061991aedad9875033f7fe2722') in 0.021670 seconds
  Import took 0.027168 seconds .

========================================================================
Received Import Request.
  Time since last request: 0.000508 seconds.
  path: Assets/Weapons/Scifi Guns More/Models/shield2.fbx
  artifactKey: Guid(06d91b1834b74e2498c5498be6e224e4) Importer(815301076,1909f56bfc062723c751e8b465ee728b)
Start importing Assets/Weapons/Scifi Guns More/Models/shield2.fbx using Guid(06d91b1834b74e2498c5498be6e224e4) Importer(815301076,1909f56bfc062723c751e8b465ee728b)  -> (artifact id: 'd116e2494aa60c66e8b91d95548ccfec') in 0.012802 seconds
  Import took 0.018173 seconds .

========================================================================
Received Import Request.
  Time since last request: 0.000491 seconds.
  path: Assets/Weapons/Scifi Guns More/Models/RocketLauncher1.fbx
  artifactKey: Guid(579ed666dddcfa84988d0d56f73dd0f6) Importer(815301076,1909f56bfc062723c751e8b465ee728b)
Start importing Assets/Weapons/Scifi Guns More/Models/RocketLauncher1.fbx using Guid(579ed666dddcfa84988d0d56f73dd0f6) Importer(815301076,1909f56bfc062723c751e8b465ee728b)  -> (artifact id: '974d03fe22b1733151ad37bbd7ae428a') in 0.021324 seconds
  Import took 0.026667 seconds .

========================================================================
Received Import Request.
  Time since last request: 0.000357 seconds.
  path: Assets/Weapons/Scifi Guns More/Models/StartingMechanism3.fbx
  artifactKey: Guid(93027f93d24f81648aee929f90901c49) Importer(815301076,1909f56bfc062723c751e8b465ee728b)
Start importing Assets/Weapons/Scifi Guns More/Models/StartingMechanism3.fbx using Guid(93027f93d24f81648aee929f90901c49) Importer(815301076,1909f56bfc062723c751e8b465ee728b)  -> (artifact id: '8360bbba71b7d5acc3a9261fb2056383') in 0.028182 seconds
  Import took 0.033615 seconds .

========================================================================
Received Import Request.
  Time since last request: 0.000346 seconds.
  path: Assets/Weapons/Scifi Guns More/Models/Minigun5.fbx
  artifactKey: Guid(e2711c43d1dd73e498dde7cebd35fa73) Importer(815301076,1909f56bfc062723c751e8b465ee728b)
Start importing Assets/Weapons/Scifi Guns More/Models/Minigun5.fbx using Guid(e2711c43d1dd73e498dde7cebd35fa73) Importer(815301076,1909f56bfc062723c751e8b465ee728b)  -> (artifact id: '7acd9a9de7cf670977f0f96562886791') in 0.022275 seconds
  Import took 0.028025 seconds .

========================================================================
Received Import Request.
  Time since last request: 0.000593 seconds.
  path: Assets/Weapons/Scifi Guns More/Models/Gun3.fbx
  artifactKey: Guid(2057bc528a273ef46990a4a58efc36ee) Importer(815301076,1909f56bfc062723c751e8b465ee728b)
Start importing Assets/Weapons/Scifi Guns More/Models/Gun3.fbx using Guid(2057bc528a273ef46990a4a58efc36ee) Importer(815301076,1909f56bfc062723c751e8b465ee728b)  -> (artifact id: '30972caa8d61c4c0cae039c604d72b04') in 0.020489 seconds
  Import took 0.025951 seconds .

========================================================================
Received Import Request.
  Time since last request: 0.000425 seconds.
  path: Assets/Weapons/Scifi Guns More/Models/Shocker5.fbx
  artifactKey: Guid(d6adb0fe9c4c0094e8dc340929e55995) Importer(815301076,1909f56bfc062723c751e8b465ee728b)
Start importing Assets/Weapons/Scifi Guns More/Models/Shocker5.fbx using Guid(d6adb0fe9c4c0094e8dc340929e55995) Importer(815301076,1909f56bfc062723c751e8b465ee728b)  -> (artifact id: 'adceb0dc76664ac3beaa4e7c95efa160') in 0.022741 seconds
  Import took 0.027977 seconds .

========================================================================
Received Import Request.
  Time since last request: 0.000446 seconds.
  path: Assets/Weapons/Scifi Guns More/Models/Turret5.fbx
  artifactKey: Guid(a8dcf308c391de14180e9ead38296ced) Importer(815301076,1909f56bfc062723c751e8b465ee728b)
Start importing Assets/Weapons/Scifi Guns More/Models/Turret5.fbx using Guid(a8dcf308c391de14180e9ead38296ced) Importer(815301076,1909f56bfc062723c751e8b465ee728b)  -> (artifact id: 'f634f5dc5a597a3668e8bb197f5c94b9') in 0.021395 seconds
  Import took 0.026608 seconds .

========================================================================
Received Import Request.
  Time since last request: 0.000394 seconds.
  path: Assets/Weapons/Scifi Guns More/Models/RocketLauncher2.fbx
  artifactKey: Guid(219f439ec5315664b908d900adaa461b) Importer(815301076,1909f56bfc062723c751e8b465ee728b)
Start importing Assets/Weapons/Scifi Guns More/Models/RocketLauncher2.fbx using Guid(219f439ec5315664b908d900adaa461b) Importer(815301076,1909f56bfc062723c751e8b465ee728b)  -> (artifact id: '2464630cb8863ad07913b331f4ddb33e') in 0.023777 seconds
  Import took 0.029269 seconds .

========================================================================
Received Import Request.
  Time since last request: 0.000367 seconds.
  path: Assets/Weapons/Scifi Guns More/Models/Shocker1.fbx
  artifactKey: Guid(09a7031439bbe91499a2881a5c569036) Importer(815301076,1909f56bfc062723c751e8b465ee728b)
Start importing Assets/Weapons/Scifi Guns More/Models/Shocker1.fbx using Guid(09a7031439bbe91499a2881a5c569036) Importer(815301076,1909f56bfc062723c751e8b465ee728b)  -> (artifact id: '78ea04994d2cbc21a7d8582a56cf88a8') in 0.028689 seconds
  Import took 0.036123 seconds .

========================================================================
Received Import Request.
  Time since last request: 0.000445 seconds.
  path: Assets/Weapons/Scifi Guns More/Models/Turret3.fbx
  artifactKey: Guid(d2374bbacbbb33f438a2a41b6f637984) Importer(815301076,1909f56bfc062723c751e8b465ee728b)
Start importing Assets/Weapons/Scifi Guns More/Models/Turret3.fbx using Guid(d2374bbacbbb33f438a2a41b6f637984) Importer(815301076,1909f56bfc062723c751e8b465ee728b)  -> (artifact id: '868d612b586d35902595a0f7db14a747') in 0.022083 seconds
  Import took 0.027701 seconds .

========================================================================
Received Import Request.
  Time since last request: 9.915472 seconds.
  path: Assets/Weapons/MobilityArts
  artifactKey: Guid(b4ab426fe091c6f4bb7200daed774c83) Importer(815301076,1909f56bfc062723c751e8b465ee728b)
Start importing Assets/Weapons/MobilityArts using Guid(b4ab426fe091c6f4bb7200daed774c83) Importer(815301076,1909f56bfc062723c751e8b465ee728b)  -> (artifact id: '8927bb1ff672ab1c171290f3a9f5237e') in 0.003771 seconds
  Import took 0.009879 seconds .

========================================================================
Received Import Request.
  Time since last request: 0.655506 seconds.
  path: Assets/Weapons/MobilityArts/SciFiHandGun
  artifactKey: Guid(2335016d09fe33345bf4b71be226bcb7) Importer(815301076,1909f56bfc062723c751e8b465ee728b)
Start importing Assets/Weapons/MobilityArts/SciFiHandGun using Guid(2335016d09fe33345bf4b71be226bcb7) Importer(815301076,1909f56bfc062723c751e8b465ee728b)  -> (artifact id: '6542a92eb0c425d4bbc8738060384946') in 0.003521 seconds
  Import took 0.009437 seconds .

========================================================================
Received Import Request.
  Time since last request: 0.054422 seconds.
  path: Assets/Weapons/MobilityArts/SciFiHandGun/SciFiHandGun.fbx
  artifactKey: Guid(90c58c65f76dbe741b5dede2c0ac644d) Importer(815301076,1909f56bfc062723c751e8b465ee728b)
Start importing Assets/Weapons/MobilityArts/SciFiHandGun/SciFiHandGun.fbx using Guid(90c58c65f76dbe741b5dede2c0ac644d) Importer(815301076,1909f56bfc062723c751e8b465ee728b)  -> (artifact id: '428342f5512f6549180760f472e3aaf6') in 0.036299 seconds
  Import took 0.041927 seconds .

========================================================================
Received Import Request.
  Time since last request: 0.000423 seconds.
  path: Assets/Weapons/MobilityArts/SciFiHandGun/SciFiHandGun.prefab
  artifactKey: Guid(392a05bd229c33043ae112a856120172) Importer(815301076,1909f56bfc062723c751e8b465ee728b)
Start importing Assets/Weapons/MobilityArts/SciFiHandGun/SciFiHandGun.prefab using Guid(392a05bd229c33043ae112a856120172) Importer(815301076,1909f56bfc062723c751e8b465ee728b)  -> (artifact id: '9ec73bf9fac2704bcaee58b0c82d5513') in 0.014063 seconds
  Import took 0.019480 seconds .

========================================================================
Received Prepare
Registering precompiled user dll's ...
Registered in 0.004194 seconds.
Begin MonoManager ReloadAssembly
Native extension for WindowsStandalone target not found
Refreshing native plugins compatible for Editor in 1.43 ms, found 0 plugins.
Preloading 0 native plugins for Editor in 0.00 ms.
Warning: Annotation not found!
UnityEngine.StackTraceUtility:ExtractStackTrace ()
UnityEditor.ProBuilder.EditorUtility:SetGizmoIconEnabled (System.Type,bool) (at C:/Users/Gustav/Desktop/Semester4/Unity/Eksamen/Library/PackageCache/com.unity.probuilder@5.0.1/Editor/EditorCore/EditorUtility.cs:575)
UnityEditor.ProBuilder.HierarchyListener:.cctor () (at C:/Users/Gustav/Desktop/Semester4/Unity/Eksamen/Library/PackageCache/com.unity.probuilder@5.0.1/Editor/EditorCore/HierarchyListener.cs:21)
System.Runtime.CompilerServices.RuntimeHelpers:RunClassConstructor (System.RuntimeTypeHandle)
UnityEditor.EditorAssemblies:ProcessInitializeOnLoadAttributes (System.Type[])

[C:/Users/Gustav/Desktop/Semester4/Unity/Eksamen/Library/PackageCache/com.unity.probuilder@5.0.1/Editor/EditorCore/EditorUtility.cs line 575]

Invoked RoslynAnalysisRunner static constructor.
RoslynAnalysisRunner will not be running.
RoslynAnalysisRunner has terminated.
Mono: successfully reloaded assembly
- Completed reload, in  0.861 seconds
Platform modules already initialized, skipping
Refreshing native plugins compatible for Editor in 1.42 ms, found 0 plugins.
Preloading 0 native plugins for Editor in 0.00 ms.
Unloading 1936 Unused Serialized files (Serialized files now loaded: 0)
System memory in use before: 188.5 MB.
System memory in use after: 188.6 MB.

Unloading 12 unused Assets to reduce memory usage. Loaded Objects now: 2520.
Total: 2.373100 ms (FindLiveObjects: 0.193300 ms CreateObjectMapping: 0.088700 ms MarkObjects: 1.931300 ms  DeleteObjects: 0.158700 ms)

========================================================================
Received Prepare
Registering precompiled user dll's ...
Registered in 0.004480 seconds.
Begin MonoManager ReloadAssembly
Native extension for WindowsStandalone target not found
Refreshing native plugins compatible for Editor in 1.40 ms, found 0 plugins.
Preloading 0 native plugins for Editor in 0.00 ms.
Warning: Annotation not found!
UnityEngine.StackTraceUtility:ExtractStackTrace ()
UnityEditor.ProBuilder.EditorUtility:SetGizmoIconEnabled (System.Type,bool) (at C:/Users/Gustav/Desktop/Semester4/Unity/Eksamen/Library/PackageCache/com.unity.probuilder@5.0.1/Editor/EditorCore/EditorUtility.cs:575)
UnityEditor.ProBuilder.HierarchyListener:.cctor () (at C:/Users/Gustav/Desktop/Semester4/Unity/Eksamen/Library/PackageCache/com.unity.probuilder@5.0.1/Editor/EditorCore/HierarchyListener.cs:21)
System.Runtime.CompilerServices.RuntimeHelpers:RunClassConstructor (System.RuntimeTypeHandle)
UnityEditor.EditorAssemblies:ProcessInitializeOnLoadAttributes (System.Type[])

[C:/Users/Gustav/Desktop/Semester4/Unity/Eksamen/Library/PackageCache/com.unity.probuilder@5.0.1/Editor/EditorCore/EditorUtility.cs line 575]

Invoked RoslynAnalysisRunner static constructor.
RoslynAnalysisRunner will not be running.
RoslynAnalysisRunner has terminated.
Mono: successfully reloaded assembly
- Completed reload, in  0.880 seconds
Platform modules already initialized, skipping
Refreshing native plugins compatible for Editor in 1.63 ms, found 0 plugins.
Preloading 0 native plugins for Editor in 0.00 ms.
Unloading 1936 Unused Serialized files (Serialized files now loaded: 0)
System memory in use before: 188.5 MB.
System memory in use after: 188.6 MB.

Unloading 11 unused Assets to reduce memory usage. Loaded Objects now: 2523.
Total: 2.151500 ms (FindLiveObjects: 0.186900 ms CreateObjectMapping: 0.072400 ms MarkObjects: 1.730600 ms  DeleteObjects: 0.160100 ms)

========================================================================
Received Prepare
Registering precompiled user dll's ...
Registered in 0.003846 seconds.
Begin MonoManager ReloadAssembly
Native extension for WindowsStandalone target not found
Refreshing native plugins compatible for Editor in 1.58 ms, found 0 plugins.
Preloading 0 native plugins for Editor in 0.00 ms.
Warning: Annotation not found!
UnityEngine.StackTraceUtility:ExtractStackTrace ()
UnityEditor.ProBuilder.EditorUtility:SetGizmoIconEnabled (System.Type,bool) (at C:/Users/Gustav/Desktop/Semester4/Unity/Eksamen/Library/PackageCache/com.unity.probuilder@5.0.1/Editor/EditorCore/EditorUtility.cs:575)
UnityEditor.ProBuilder.HierarchyListener:.cctor () (at C:/Users/Gustav/Desktop/Semester4/Unity/Eksamen/Library/PackageCache/com.unity.probuilder@5.0.1/Editor/EditorCore/HierarchyListener.cs:21)
System.Runtime.CompilerServices.RuntimeHelpers:RunClassConstructor (System.RuntimeTypeHandle)
UnityEditor.EditorAssemblies:ProcessInitializeOnLoadAttributes (System.Type[])

[C:/Users/Gustav/Desktop/Semester4/Unity/Eksamen/Library/PackageCache/com.unity.probuilder@5.0.1/Editor/EditorCore/EditorUtility.cs line 575]

Invoked RoslynAnalysisRunner static constructor.
RoslynAnalysisRunner will not be running.
RoslynAnalysisRunner has terminated.
Mono: successfully reloaded assembly
- Completed reload, in  0.902 seconds
Platform modules already initialized, skipping
Refreshing native plugins compatible for Editor in 1.46 ms, found 0 plugins.
Preloading 0 native plugins for Editor in 0.00 ms.
Unloading 1936 Unused Serialized files (Serialized files now loaded: 0)
System memory in use before: 188.5 MB.
System memory in use after: 188.6 MB.

Unloading 11 unused Assets to reduce memory usage. Loaded Objects now: 2526.
Total: 2.535200 ms (FindLiveObjects: 0.204000 ms CreateObjectMapping: 0.088300 ms MarkObjects: 2.066300 ms  DeleteObjects: 0.175400 ms)

========================================================================
Received Import Request.
  Time since last request: 196.359316 seconds.
  path: Assets/Resources/Prefabs/PlayerPrefab.prefab
  artifactKey: Guid(a1a6278b67a881248ba95a3cd77b080c) Importer(815301076,1909f56bfc062723c751e8b465ee728b)
Start importing Assets/Resources/Prefabs/PlayerPrefab.prefab using Guid(a1a6278b67a881248ba95a3cd77b080c) Importer(815301076,1909f56bfc062723c751e8b465ee728b)  -> (artifact id: '8c1754afa282c8e341b62ba889707a53') in 0.058088 seconds
  Import took 0.064737 seconds .

========================================================================
Received Import Request.
  Time since last request: 53.366933 seconds.
  path: Assets/Resources/Prefabs/PlayerPrefab.prefab
  artifactKey: Guid(a1a6278b67a881248ba95a3cd77b080c) Importer(815301076,1909f56bfc062723c751e8b465ee728b)
Start importing Assets/Resources/Prefabs/PlayerPrefab.prefab using Guid(a1a6278b67a881248ba95a3cd77b080c) Importer(815301076,1909f56bfc062723c751e8b465ee728b)  -> (artifact id: 'f481df198a6571be2f05ea2198bae6ec') in 0.014227 seconds
  Import took 0.020373 seconds .

